[{"line":1,"elements":[{"start_timestamp":"2023-01-16T16:27:55.244Z","line":2,"name":"Failure while executing Cucumber","description":"","id":"failure;failure-while-executing-cucumber","type":"scenario","keyword":"Scenario","steps":[{"result":{"duration":0,"status":"passed"},"line":3,"name":"Cucumber failed while executing","match":{"arguments":[],"location":"io.cucumber.core.Failure.failure_while_executing_cucumber()"},"keyword":"When "},{"result":{"duration":0,"error_message":"io.cucumber.core.exception.CompositeCucumberException: There were 2 exceptions. The details are in the stacktrace below.\r\n\tat io.cucumber.core.runtime.RethrowingThrowableCollector.getThrowable(RethrowingThrowableCollector.java:57)\r\n\tat io.cucumber.core.runtime.CucumberExecutionContext.getThrowable(CucumberExecutionContext.java:102)\r\n\tat io.cucumber.core.runtime.CucumberExecutionContext.finishTestRun(CucumberExecutionContext.java:97)\r\n\tat io.cucumber.junit.Cucumber$FinishTestRun.evaluate(Cucumber.java:250)\r\n\tat org.junit.runners.ParentRunner$3.evaluate(ParentRunner.java:306)\r\n\tat org.junit.runners.ParentRunner.run(ParentRunner.java:413)\r\n\tat org.junit.runner.JUnitCore.run(JUnitCore.java:137)\r\n\tat com.intellij.junit4.JUnit4IdeaTestRunner.startRunnerWithArgs(JUnit4IdeaTestRunner.java:69)\r\n\tat com.intellij.rt.junit.IdeaTestRunner$Repeater$1.execute(IdeaTestRunner.java:38)\r\n\tat com.intellij.rt.execution.junit.TestsRepeater.repeat(TestsRepeater.java:11)\r\n\tat com.intellij.rt.junit.IdeaTestRunner$Repeater.startRunnerWithArgs(IdeaTestRunner.java:35)\r\n\tat com.intellij.rt.junit.JUnitStarter.prepareStreamsAndStart(JUnitStarter.java:235)\r\n\tat com.intellij.rt.junit.JUnitStarter.main(JUnitStarter.java:54)\r\n\tSuppressed: java.lang.NoClassDefFoundError: org/openqa/selenium/interactions/HasTouchScreen\r\n\t\tat java.lang.ClassLoader.defineClass1(Native Method)\r\n\t\tat java.lang.ClassLoader.defineClass(ClassLoader.java:756)\r\n\t\tat java.security.SecureClassLoader.defineClass(SecureClassLoader.java:142)\r\n\t\tat java.net.URLClassLoader.defineClass(URLClassLoader.java:473)\r\n\t\tat java.net.URLClassLoader.access$100(URLClassLoader.java:74)\r\n\t\tat java.net.URLClassLoader$1.run(URLClassLoader.java:369)\r\n\t\tat java.net.URLClassLoader$1.run(URLClassLoader.java:363)\r\n\t\tat java.security.AccessController.doPrivileged(Native Method)\r\n\t\tat java.net.URLClassLoader.findClass(URLClassLoader.java:362)\r\n\t\tat java.lang.ClassLoader.loadClass(ClassLoader.java:418)\r\n\t\tat sun.misc.Launcher$AppClassLoader.loadClass(Launcher.java:352)\r\n\t\tat java.lang.ClassLoader.loadClass(ClassLoader.java:351)\r\n\t\tat stepDefinitions.Hooks.setUp(Hooks.java:21)\r\n\tCaused by: java.lang.ClassNotFoundException: org.openqa.selenium.interactions.HasTouchScreen\r\n\t\tat java.net.URLClassLoader.findClass(URLClassLoader.java:387)\r\n\t\tat java.lang.ClassLoader.loadClass(ClassLoader.java:418)\r\n\t\tat sun.misc.Launcher$AppClassLoader.loadClass(Launcher.java:352)\r\n\t\tat java.lang.ClassLoader.loadClass(ClassLoader.java:351)\r\n\t\tat java.lang.ClassLoader.defineClass1(Native Method)\r\n\t\tat java.lang.ClassLoader.defineClass(ClassLoader.java:756)\r\n\t\tat java.security.SecureClassLoader.defineClass(SecureClassLoader.java:142)\r\n\t\tat java.net.URLClassLoader.defineClass(URLClassLoader.java:473)\r\n\t\tat java.net.URLClassLoader.access$100(URLClassLoader.java:74)\r\n\t\tat java.net.URLClassLoader$1.run(URLClassLoader.java:369)\r\n\t\tat java.net.URLClassLoader$1.run(URLClassLoader.java:363)\r\n\t\tat java.security.AccessController.doPrivileged(Native Method)\r\n\t\tat java.net.URLClassLoader.findClass(URLClassLoader.java:362)\r\n\t\tat java.lang.ClassLoader.loadClass(ClassLoader.java:418)\r\n\t\tat sun.misc.Launcher$AppClassLoader.loadClass(Launcher.java:352)\r\n\t\tat java.lang.ClassLoader.loadClass(ClassLoader.java:351)\r\n\t\tat stepDefinitions.Hooks.setUp(Hooks.java:21)\r\n\t\tat sun.reflect.NativeMethodAccessorImpl.invoke0(Native Method)\r\n\t\tat sun.reflect.NativeMethodAccessorImpl.invoke(NativeMethodAccessorImpl.java:62)\r\n\t\tat sun.reflect.DelegatingMethodAccessorImpl.invoke(DelegatingMethodAccessorImpl.java:43)\r\n\t\tat java.lang.reflect.Method.invoke(Method.java:498)\r\n\t\tat io.cucumber.java.Invoker.doInvoke(Invoker.java:66)\r\n\t\tat io.cucumber.java.Invoker.invokeStatic(Invoker.java:80)\r\n\t\tat io.cucumber.java.AbstractGlueDefinition.invokeMethod(AbstractGlueDefinition.java:45)\r\n\t\tat io.cucumber.java.JavaStaticHookDefinition.execute(JavaStaticHookDefinition.java:49)\r\n\t\tat io.cucumber.core.runner.Runner.executeHook(Runner.java:112)\r\n\t\tat io.cucumber.core.runner.Runner.lambda$executeHooks$2(Runner.java:99)\r\n\t\tat io.cucumber.core.runner.ThrowableCollector.execute(ThrowableCollector.java:21)\r\n\t\tat io.cucumber.core.runner.Runner.executeHooks(Runner.java:99)\r\n\t\tat io.cucumber.core.runner.Runner.runBeforeAllHooks(Runner.java:89)\r\n\t\tat io.cucumber.core.runtime.RethrowingThrowableCollector.executeAndThrow(RethrowingThrowableCollector.java:23)\r\n\t\tat io.cucumber.core.runtime.CucumberExecutionContext.runBeforeAllHooks(CucumberExecutionContext.java:87)\r\n\t\tat io.cucumber.junit.Cucumber$RunBeforeAllHooks.evaluate(Cucumber.java:265)\r\n\t\tat io.cucumber.junit.Cucumber$RunAfterAllHooks.evaluate(Cucumber.java:281)\r\n\t\tat io.cucumber.junit.Cucumber$StartTestRun.evaluate(Cucumber.java:233)\r\n\t\tat io.cucumber.junit.Cucumber$FinishTestRun.evaluate(Cucumber.java:248)\r\n\t\tat org.junit.runners.ParentRunner$3.evaluate(ParentRunner.java:306)\r\n\t\tat org.junit.runners.ParentRunner.run(ParentRunner.java:413)\r\n\t\tat org.junit.runner.JUnitCore.run(JUnitCore.java:137)\r\n\t\tat com.intellij.junit4.JUnit4IdeaTestRunner.startRunnerWithArgs(JUnit4IdeaTestRunner.java:69)\r\n\t\tat com.intellij.rt.junit.IdeaTestRunner$Repeater$1.execute(IdeaTestRunner.java:38)\r\n\t\tat com.intellij.rt.execution.junit.TestsRepeater.repeat(TestsRepeater.java:11)\r\n\t\tat com.intellij.rt.junit.IdeaTestRunner$Repeater.startRunnerWithArgs(IdeaTestRunner.java:35)\r\n\t\tat com.intellij.rt.junit.JUnitStarter.prepareStreamsAndStart(JUnitStarter.java:235)\r\n\t\tat com.intellij.rt.junit.JUnitStarter.main(JUnitStarter.java:54)\r\n\tSuppressed: java.lang.NullPointerException\r\n\t\tat stepDefinitions.Hooks.close(Hooks.java:29)\r\n","status":"failed"},"line":4,"name":"Cucumber will report this error:","match":{"arguments":[],"location":"io.cucumber.core.Failure.cucumber_reports_this_error()"},"keyword":"Then "}]}],"name":"Test run failed","description":"There were errors during the execution","id":"failure","keyword":"Feature","uri":"classpath:io/cucumber/core/failure.feature","tags":[]}]